<?xml version="1.0" encoding="UTF-8"?>
<testsuite xmlns:xsi="http://www.w3.org/2001/XMLSchema-instance" xsi:noNamespaceSchemaLocation="https://maven.apache.org/surefire/maven-surefire-plugin/xsd/surefire-test-report-3.0.xsd" version="3.0" name="br.ifba.demo.backend.DemoBackendApplicationTests" time="3.318" tests="1" errors="0" skipped="0" failures="0">
  <properties>
[...]
</properties>
  <testcase name="contextLoads" classname="br.ifba.demo.backend.DemoBackendApplicationTests" time="1.118">
    <system-out><![CDATA[10:32:53.009 [main] INFO org.springframework.test.context.support.AnnotationConfigContextLoaderUtils -- Could not detect default configuration classes for test class [br.ifba.demo.backend.DemoBackendApplicationTests]: DemoBackendApplicationTests does not declare any static, non-private, non-final, nested classes annotated with @Configuration.
10:32:53.125 [main] INFO org.springframework.boot.test.context.SpringBootTestContextBootstrapper -- Found @SpringBootConfiguration br.ifba.demo.backend.DemoBackendApplication for test class br.ifba.demo.backend.DemoBackendApplicationTests

  .   ____          _            __ _ _
 /\\ / ___'_ __ _ _(_)_ __  __ _ \ \ \ \
( ( )\___ | '_ | '_| | '_ \/ _` | \ \ \ \
 \\/  ___)| |_)| | | | | || (_| |  ) ) ) )
  '  |____| .__|_| |_|_| |_\__, | / / / /
 =========|_|==============|___/=/_/_/_/
 :: Spring Boot ::                (v3.1.1)

2023-07-07T10:32:53.642-03:00  INFO 1996 --- [           main] b.i.d.b.DemoBackendApplicationTests      : Starting DemoBackendApplicationTests using Java 17.0.7 with PID 1996 (started by 201910070008 in C:\Users\201910070008\Documents\demos\demo-backend)
2023-07-07T10:32:53.644-03:00  INFO 1996 --- [           main] b.i.d.b.DemoBackendApplicationTests      : No active profile set, falling back to 1 default profile: "default"
2023-07-07T10:32:54.987-03:00  INFO 1996 --- [           main] b.i.d.b.DemoBackendApplicationTests      : Started DemoBackendApplicationTests in 1.683 seconds (process running for 2.861)
]]></system-out>
  </testcase>
</testsuite>